{"C:\\Users\\Carlos Rosales V\\Downloads\\ISELA_CAVANZON\\UVM\\S18\\JEST\\app.js": {"path":"C:\\Users\\Carlos Rosales V\\Downloads\\ISELA_CAVANZON\\UVM\\S18\\JEST\\app.js","statementMap":{"0":{"start":{"line":2,"column":4},"end":{"line":2,"column":15}},"1":{"start":{"line":7,"column":4},"end":{"line":7,"column":15}},"2":{"start":{"line":12,"column":4},"end":{"line":12,"column":15}},"3":{"start":{"line":17,"column":4},"end":{"line":17,"column":15}},"4":{"start":{"line":20,"column":0},"end":{"line":25,"column":1}}},"fnMap":{"0":{"name":"addnumbers","decl":{"start":{"line":1,"column":9},"end":{"line":1,"column":19}},"loc":{"start":{"line":1,"column":24},"end":{"line":3,"column":1}},"line":1},"1":{"name":"substractnumbers","decl":{"start":{"line":6,"column":9},"end":{"line":6,"column":25}},"loc":{"start":{"line":6,"column":31},"end":{"line":8,"column":1}},"line":6},"2":{"name":"multiplynumbers","decl":{"start":{"line":11,"column":9},"end":{"line":11,"column":24}},"loc":{"start":{"line":11,"column":30},"end":{"line":13,"column":1}},"line":11},"3":{"name":"dividenumbers","decl":{"start":{"line":16,"column":9},"end":{"line":16,"column":22}},"loc":{"start":{"line":16,"column":28},"end":{"line":18,"column":1}},"line":16}},"branchMap":{},"s":{"0":1,"1":1,"2":1,"3":1,"4":1},"f":{"0":1,"1":1,"2":1,"3":1},"b":{},"_coverageSchema":"1a1c01bbd47fc00a2c39e90264f33305004495a9","hash":"3cf6b0bffc6d7079eb2adb2c4ceef41f90349afd"}
,"C:\\Users\\Carlos Rosales V\\Downloads\\ISELA_CAVANZON\\UVM\\S18\\JEST\\calculateaverage.js": {"path":"C:\\Users\\Carlos Rosales V\\Downloads\\ISELA_CAVANZON\\UVM\\S18\\JEST\\calculateaverage.js","statementMap":{"0":{"start":{"line":4,"column":4},"end":{"line":4,"column":39}},"1":{"start":{"line":4,"column":30},"end":{"line":4,"column":39}},"2":{"start":{"line":5,"column":16},"end":{"line":5,"column":58}},"3":{"start":{"line":5,"column":45},"end":{"line":5,"column":54}},"4":{"start":{"line":6,"column":4},"end":{"line":6,"column":32}},"5":{"start":{"line":9,"column":0},"end":{"line":9,"column":34}}},"fnMap":{"0":{"name":"calculateaverage","decl":{"start":{"line":3,"column":9},"end":{"line":3,"column":25}},"loc":{"start":{"line":3,"column":35},"end":{"line":7,"column":1}},"line":3},"1":{"name":"(anonymous_1)","decl":{"start":{"line":5,"column":31},"end":{"line":5,"column":32}},"loc":{"start":{"line":5,"column":45},"end":{"line":5,"column":54}},"line":5}},"branchMap":{"0":{"loc":{"start":{"line":4,"column":4},"end":{"line":4,"column":39}},"type":"if","locations":[{"start":{"line":4,"column":4},"end":{"line":4,"column":39}},{"start":{},"end":{}}],"line":4}},"s":{"0":3,"1":1,"2":2,"3":6,"4":2,"5":1},"f":{"0":3,"1":6},"b":{"0":[1,2]},"_coverageSchema":"1a1c01bbd47fc00a2c39e90264f33305004495a9","hash":"36ed1cac93bf969f4c273edc8ef3dc2713d72c3c"}
}
